# State-Tabelle zur Turingmaschine
# [This State] [Input] [Next State] [Output] [Direction]
       1          0         2          0          R
       1          1         -          -          -
       2          0         3          0          L
       2          1         4          1          R
       3          0         HALT          0          L
       3          1         -          -          -
       4          0         5          0          L
       4          1         4          1          R
       5          0         -          -          -
       5          1         6          0          L
       6          0         7          0          L
       6          1         6          1          L
       7          0         8          1          R
       7          1         8          1          L
       8          0         9          0          R
       8          1         8          1          L
       9          0         -          -          -
       9          1         10          0          R
       10          0         2          0          R
       10          1         10          1          R
